# JRE version: Java(TM) SE Runtime Environment (8.0_172-b11) (build 1.8.0_172-b11)
# Java VM: Java HotSpot(TM) 64-Bit Server VM (25.172-b11 mixed mode windows-amd64 compressed oops)
Heap:
 PSYoungGen      total 147456K, used 42914K [0x00000000e0000000, 0x00000000ee880000, 0x0000000100000000)
  eden space 133120K, 32% used [0x00000000e0000000,0x00000000e29e8b28,0x00000000e8200000)
  from space 14336K, 0% used [0x00000000e9000000,0x00000000e9000000,0x00000000e9e00000)
  to   space 14336K, 0% used [0x00000000e8200000,0x00000000e8200000,0x00000000e9000000)
 ParOldGen       total 152576K, used 15257K [0x00000000a0000000, 0x00000000a9500000, 0x00000000e0000000)
  object space 152576K, 10% used [0x00000000a0000000,0x00000000a0ee6798,0x00000000a9500000)
 Metaspace       used 39233K, capacity 39800K, committed 40064K, reserved 1083392K
  class space    used 5501K, capacity 5722K, committed 5760K, reserved 1048576K
GC Heap History (10 events):
Event: 2.624 GC heap before
{Heap before GC invocations=4 (full 1):
 PSYoungGen      total 76288K, used 10490K [0x00000000e0000000, 0x00000000e9500000, 0x0000000100000000)
  eden space 65536K, 0% used [0x00000000e0000000,0x00000000e0000000,0x00000000e4000000)
  from space 10752K, 97% used [0x00000000e4000000,0x00000000e4a3eb68,0x00000000e4a80000)
  to   space 10752K, 0% used [0x00000000e8a80000,0x00000000e8a80000,0x00000000e9500000)
 ParOldGen       total 175104K, used 73K [0x00000000a0000000, 0x00000000aab00000, 0x00000000e0000000)
  object space 175104K, 0% used [0x00000000a0000000,0x00000000a0012450,0x00000000aab00000)
 Metaspace       used 20755K, capacity 21202K, committed 21296K, reserved 1067008K
  class space    used 2984K, capacity 3181K, committed 3200K, reserved 1048576K
Event: 2.674 GC heap after
Heap after GC invocations=4 (full 1):
 PSYoungGen      total 76288K, used 0K [0x00000000e0000000, 0x00000000e9500000, 0x0000000100000000)
  eden space 65536K, 0% used [0x00000000e0000000,0x00000000e0000000,0x00000000e4000000)
  from space 10752K, 0% used [0x00000000e4000000,0x00000000e4000000,0x00000000e4a80000)
  to   space 10752K, 0% used [0x00000000e8a80000,0x00000000e8a80000,0x00000000e9500000)
 ParOldGen       total 111104K, used 10209K [0x00000000a0000000, 0x00000000a6c80000, 0x00000000e0000000)
  object space 111104K, 9% used [0x00000000a0000000,0x00000000a09f8600,0x00000000a6c80000)
 Metaspace       used 20755K, capacity 21202K, committed 21296K, reserved 1067008K
  class space    used 2984K, capacity 3181K, committed 3200K, reserved 1048576K
}
Event: 3.889 GC heap before
{Heap before GC invocations=5 (full 1):
 PSYoungGen      total 76288K, used 65536K [0x00000000e0000000, 0x00000000e9500000, 0x0000000100000000)
  eden space 65536K, 100% used [0x00000000e0000000,0x00000000e4000000,0x00000000e4000000)
  from space 10752K, 0% used [0x00000000e4000000,0x00000000e4000000,0x00000000e4a80000)
  to   space 10752K, 0% used [0x00000000e8a80000,0x00000000e8a80000,0x00000000e9500000)
 ParOldGen       total 111104K, used 10209K [0x00000000a0000000, 0x00000000a6c80000, 0x00000000e0000000)
  object space 111104K, 9% used [0x00000000a0000000,0x00000000a09f8600,0x00000000a6c80000)
 Metaspace       used 27305K, capacity 27776K, committed 27904K, reserved 1073152K
  class space    used 3810K, capacity 4000K, committed 4096K, reserved 1048576K
Event: 3.901 GC heap after
Heap after GC invocations=5 (full 1):
 PSYoungGen      total 101888K, used 7126K [0x00000000e0000000, 0x00000000e9180000, 0x0000000100000000)
  eden space 94720K, 0% used [0x00000000e0000000,0x00000000e0000000,0x00000000e5c80000)
  from space 7168K, 99% used [0x00000000e8a80000,0x00000000e9175990,0x00000000e9180000)
  to   space 10752K, 0% used [0x00000000e7c80000,0x00000000e7c80000,0x00000000e8700000)
 ParOldGen       total 111104K, used 10217K [0x00000000a0000000, 0x00000000a6c80000, 0x00000000e0000000)
  object space 111104K, 9% used [0x00000000a0000000,0x00000000a09fa600,0x00000000a6c80000)
 Metaspace       used 27305K, capacity 27776K, committed 27904K, reserved 1073152K
  class space    used 3810K, capacity 4000K, committed 4096K, reserved 1048576K
}
Event: 5.967 GC heap before
{Heap before GC invocations=6 (full 1):
 PSYoungGen      total 101888K, used 101846K [0x00000000e0000000, 0x00000000e9180000, 0x0000000100000000)
  eden space 94720K, 100% used [0x00000000e0000000,0x00000000e5c80000,0x00000000e5c80000)
  from space 7168K, 99% used [0x00000000e8a80000,0x00000000e9175990,0x00000000e9180000)
  to   space 10752K, 0% used [0x00000000e7c80000,0x00000000e7c80000,0x00000000e8700000)
 ParOldGen       total 111104K, used 10217K [0x00000000a0000000, 0x00000000a6c80000, 0x00000000e0000000)
  object space 111104K, 9% used [0x00000000a0000000,0x00000000a09fa600,0x00000000a6c80000)
 Metaspace       used 33810K, capacity 34364K, committed 34560K, reserved 1079296K
  class space    used 4836K, capacity 5044K, committed 5120K, reserved 1048576K
Event: 5.981 GC heap after
Heap after GC invocations=6 (full 1):
 PSYoungGen      total 138240K, used 10731K [0x00000000e0000000, 0x00000000e9e00000, 0x0000000100000000)
  eden space 127488K, 0% used [0x00000000e0000000,0x00000000e0000000,0x00000000e7c80000)
  from space 10752K, 99% used [0x00000000e7c80000,0x00000000e86fac20,0x00000000e8700000)
  to   space 14336K, 0% used [0x00000000e9000000,0x00000000e9000000,0x00000000e9e00000)
 ParOldGen       total 111104K, used 12224K [0x00000000a0000000, 0x00000000a6c80000, 0x00000000e0000000)
  object space 111104K, 11% used [0x00000000a0000000,0x00000000a0bf0208,0x00000000a6c80000)
 Metaspace       used 33810K, capacity 34364K, committed 34560K, reserved 1079296K
  class space    used 4836K, capacity 5044K, committed 5120K, reserved 1048576K
}
Event: 6.067 GC heap before
{Heap before GC invocations=7 (full 1):
 PSYoungGen      total 138240K, used 17055K [0x00000000e0000000, 0x00000000e9e00000, 0x0000000100000000)
  eden space 127488K, 4% used [0x00000000e0000000,0x00000000e062cff8,0x00000000e7c80000)
  from space 10752K, 99% used [0x00000000e7c80000,0x00000000e86fac20,0x00000000e8700000)
  to   space 14336K, 0% used [0x00000000e9000000,0x00000000e9000000,0x00000000e9e00000)
 ParOldGen       total 111104K, used 12224K [0x00000000a0000000, 0x00000000a6c80000, 0x00000000e0000000)
  object space 111104K, 11% used [0x00000000a0000000,0x00000000a0bf0208,0x00000000a6c80000)
 Metaspace       used 34768K, capacity 35278K, committed 35456K, reserved 1079296K
  class space    used 4961K, capacity 5157K, committed 5248K, reserved 1048576K
Event: 6.076 GC heap after
Heap after GC invocations=7 (full 1):
 PSYoungGen      total 147456K, used 8215K [0x00000000e0000000, 0x00000000ee880000, 0x0000000100000000)
  eden space 133120K, 0% used [0x00000000e0000000,0x00000000e0000000,0x00000000e8200000)
  from space 14336K, 57% used [0x00000000e9000000,0x00000000e9805f68,0x00000000e9e00000)
  to   space 14336K, 0% used [0x00000000e8200000,0x00000000e8200000,0x00000000e9000000)
 ParOldGen       total 111104K, used 12224K [0x00000000a0000000, 0x00000000a6c80000, 0x00000000e0000000)
  object space 111104K, 11% used [0x00000000a0000000,0x00000000a0bf0208,0x00000000a6c80000)
 Metaspace       used 34768K, capacity 35278K, committed 35456K, reserved 1079296K
  class space    used 4961K, capacity 5157K, committed 5248K, reserved 1048576K
}
Event: 6.076 GC heap before
{Heap before GC invocations=8 (full 2):
 PSYoungGen      total 147456K, used 8215K [0x00000000e0000000, 0x00000000ee880000, 0x0000000100000000)
  eden space 133120K, 0% used [0x00000000e0000000,0x00000000e0000000,0x00000000e8200000)
  from space 14336K, 57% used [0x00000000e9000000,0x00000000e9805f68,0x00000000e9e00000)
  to   space 14336K, 0% used [0x00000000e8200000,0x00000000e8200000,0x00000000e9000000)
 ParOldGen       total 111104K, used 12224K [0x00000000a0000000, 0x00000000a6c80000, 0x00000000e0000000)
  object space 111104K, 11% used [0x00000000a0000000,0x00000000a0bf0208,0x00000000a6c80000)
 Metaspace       used 34768K, capacity 35278K, committed 35456K, reserved 1079296K
  class space    used 4961K, capacity 5157K, committed 5248K, reserved 1048576K
Event: 6.136 GC heap after
Heap after GC invocations=8 (full 2):
 PSYoungGen      total 147456K, used 0K [0x00000000e0000000, 0x00000000ee880000, 0x0000000100000000)
  eden space 133120K, 0% used [0x00000000e0000000,0x00000000e0000000,0x00000000e8200000)
  from space 14336K, 0% used [0x00000000e9000000,0x00000000e9000000,0x00000000e9e00000)
  to   space 14336K, 0% used [0x00000000e8200000,0x00000000e8200000,0x00000000e9000000)
 ParOldGen       total 152576K, used 15257K [0x00000000a0000000, 0x00000000a9500000, 0x00000000e0000000)
  object space 152576K, 10% used [0x00000000a0000000,0x00000000a0ee6798,0x00000000a9500000)
 Metaspace       used 34768K, capacity 35278K, committed 35456K, reserved 1079296K
  class space    used 4961K, capacity 5157K, committed 5248K, reserved 1048576K
}

