# JRE version: Java(TM) SE Runtime Environment (8.0_201-b09) (build 1.8.0_201-b09)
# Java VM: Java HotSpot(TM) 64-Bit Server VM (25.201-b09 mixed mode windows-amd64 compressed oops)
Heap:
 PSYoungGen      total 467456K, used 355972K [0x00000000e0000000, 0x0000000100000000, 0x0000000100000000)
  eden space 410624K, 86% used [0x00000000e0000000,0x00000000f5ba1398,0x00000000f9100000)
  from space 56832K, 0% used [0x00000000f9100000,0x00000000f9100000,0x00000000fc880000)
  to   space 56832K, 0% used [0x00000000fc880000,0x00000000fc880000,0x0000000100000000)
 ParOldGen       total 216576K, used 75348K [0x00000000a0000000, 0x00000000ad380000, 0x00000000e0000000)
  object space 216576K, 34% used [0x00000000a0000000,0x00000000a4995210,0x00000000ad380000)
 Metaspace       used 81703K, capacity 85470K, committed 85632K, reserved 1124352K
  class space    used 10914K, capacity 11614K, committed 11648K, reserved 1048576K
GC Heap History (10 events):
Event: 408.695 GC heap before
{Heap before GC invocations=42 (full 3):
 PSYoungGen      total 478208K, used 456198K [0x00000000e0000000, 0x0000000100000000, 0x0000000100000000)
  eden space 430592K, 100% used [0x00000000e0000000,0x00000000fa480000,0x00000000fa480000)
  from space 47616K, 53% used [0x00000000fd180000,0x00000000fea818a8,0x0000000100000000)
  to   space 46080K, 0% used [0x00000000fa480000,0x00000000fa480000,0x00000000fd180000)
 ParOldGen       total 216576K, used 105889K [0x00000000a0000000, 0x00000000ad380000, 0x00000000e0000000)
  object space 216576K, 48% used [0x00000000a0000000,0x00000000a6768468,0x00000000ad380000)
 Metaspace       used 78954K, capacity 82598K, committed 82816K, reserved 1120256K
  class space    used 10661K, capacity 11322K, committed 11392K, reserved 1048576K
Event: 408.729 GC heap after
Heap after GC invocations=42 (full 3):
 PSYoungGen      total 476672K, used 9582K [0x00000000e0000000, 0x00000000ffe80000, 0x0000000100000000)
  eden space 430592K, 0% used [0x00000000e0000000,0x00000000e0000000,0x00000000fa480000)
  from space 46080K, 20% used [0x00000000fa480000,0x00000000faddbb40,0x00000000fd180000)
  to   space 46080K, 0% used [0x00000000fd180000,0x00000000fd180000,0x00000000ffe80000)
 ParOldGen       total 216576K, used 117291K [0x00000000a0000000, 0x00000000ad380000, 0x00000000e0000000)
  object space 216576K, 54% used [0x00000000a0000000,0x00000000a728af98,0x00000000ad380000)
 Metaspace       used 78954K, capacity 82598K, committed 82816K, reserved 1120256K
  class space    used 10661K, capacity 11322K, committed 11392K, reserved 1048576K
}
Event: 412.152 GC heap before
{Heap before GC invocations=43 (full 3):
 PSYoungGen      total 476672K, used 440174K [0x00000000e0000000, 0x00000000ffe80000, 0x0000000100000000)
  eden space 430592K, 100% used [0x00000000e0000000,0x00000000fa480000,0x00000000fa480000)
  from space 46080K, 20% used [0x00000000fa480000,0x00000000faddbb40,0x00000000fd180000)
  to   space 46080K, 0% used [0x00000000fd180000,0x00000000fd180000,0x00000000ffe80000)
 ParOldGen       total 216576K, used 117291K [0x00000000a0000000, 0x00000000ad380000, 0x00000000e0000000)
  object space 216576K, 54% used [0x00000000a0000000,0x00000000a728af98,0x00000000ad380000)
 Metaspace       used 79747K, capacity 83546K, committed 83712K, reserved 1122304K
  class space    used 10752K, capacity 11460K, committed 11520K, reserved 1048576K
Event: 412.223 GC heap after
Heap after GC invocations=43 (full 3):
 PSYoungGen      total 456704K, used 46075K [0x00000000e0000000, 0x0000000100000000, 0x0000000100000000)
  eden space 410624K, 0% used [0x00000000e0000000,0x00000000e0000000,0x00000000f9100000)
  from space 46080K, 99% used [0x00000000fd180000,0x00000000ffe7ecd8,0x00000000ffe80000)
  to   space 56832K, 0% used [0x00000000f9100000,0x00000000f9100000,0x00000000fc880000)
 ParOldGen       total 216576K, used 128130K [0x00000000a0000000, 0x00000000ad380000, 0x00000000e0000000)
  object space 216576K, 59% used [0x00000000a0000000,0x00000000a7d20a90,0x00000000ad380000)
 Metaspace       used 79747K, capacity 83546K, committed 83712K, reserved 1122304K
  class space    used 10752K, capacity 11460K, committed 11520K, reserved 1048576K
}
Event: 415.396 GC heap before
{Heap before GC invocations=44 (full 3):
 PSYoungGen      total 456704K, used 456699K [0x00000000e0000000, 0x0000000100000000, 0x0000000100000000)
  eden space 410624K, 100% used [0x00000000e0000000,0x00000000f9100000,0x00000000f9100000)
  from space 46080K, 99% used [0x00000000fd180000,0x00000000ffe7ecd8,0x00000000ffe80000)
  to   space 56832K, 0% used [0x00000000f9100000,0x00000000f9100000,0x00000000fc880000)
 ParOldGen       total 216576K, used 128130K [0x00000000a0000000, 0x00000000ad380000, 0x00000000e0000000)
  object space 216576K, 59% used [0x00000000a0000000,0x00000000a7d20a90,0x00000000ad380000)
 Metaspace       used 79992K, capacity 83856K, committed 83968K, reserved 1122304K
  class space    used 10757K, capacity 11467K, committed 11520K, reserved 1048576K
Event: 415.546 GC heap after
Heap after GC invocations=44 (full 3):
 PSYoungGen      total 467456K, used 56829K [0x00000000e0000000, 0x0000000100000000, 0x0000000100000000)
  eden space 410624K, 0% used [0x00000000e0000000,0x00000000e0000000,0x00000000f9100000)
  from space 56832K, 99% used [0x00000000f9100000,0x00000000fc87f450,0x00000000fc880000)
  to   space 56832K, 0% used [0x00000000fc880000,0x00000000fc880000,0x0000000100000000)
 ParOldGen       total 216576K, used 197067K [0x00000000a0000000, 0x00000000ad380000, 0x00000000e0000000)
  object space 216576K, 90% used [0x00000000a0000000,0x00000000ac072c38,0x00000000ad380000)
 Metaspace       used 79992K, capacity 83856K, committed 83968K, reserved 1122304K
  class space    used 10757K, capacity 11467K, committed 11520K, reserved 1048576K
}
Event: 415.546 GC heap before
{Heap before GC invocations=45 (full 4):
 PSYoungGen      total 467456K, used 56829K [0x00000000e0000000, 0x0000000100000000, 0x0000000100000000)
  eden space 410624K, 0% used [0x00000000e0000000,0x00000000e0000000,0x00000000f9100000)
  from space 56832K, 99% used [0x00000000f9100000,0x00000000fc87f450,0x00000000fc880000)
  to   space 56832K, 0% used [0x00000000fc880000,0x00000000fc880000,0x0000000100000000)
 ParOldGen       total 216576K, used 197067K [0x00000000a0000000, 0x00000000ad380000, 0x00000000e0000000)
  object space 216576K, 90% used [0x00000000a0000000,0x00000000ac072c38,0x00000000ad380000)
 Metaspace       used 79992K, capacity 83856K, committed 83968K, reserved 1122304K
  class space    used 10757K, capacity 11467K, committed 11520K, reserved 1048576K
Event: 416.719 GC heap after
Heap after GC invocations=45 (full 4):
 PSYoungGen      total 467456K, used 0K [0x00000000e0000000, 0x0000000100000000, 0x0000000100000000)
  eden space 410624K, 0% used [0x00000000e0000000,0x00000000e0000000,0x00000000f9100000)
  from space 56832K, 0% used [0x00000000f9100000,0x00000000f9100000,0x00000000fc880000)
  to   space 56832K, 0% used [0x00000000fc880000,0x00000000fc880000,0x0000000100000000)
 ParOldGen       total 216576K, used 187239K [0x00000000a0000000, 0x00000000ad380000, 0x00000000e0000000)
  object space 216576K, 86% used [0x00000000a0000000,0x00000000ab6d9c78,0x00000000ad380000)
 Metaspace       used 79733K, capacity 83136K, committed 83968K, reserved 1122304K
  class space    used 10667K, capacity 11315K, committed 11520K, reserved 1048576K
}
Event: 930.387 GC heap before
{Heap before GC invocations=46 (full 5):
 PSYoungGen      total 467456K, used 410624K [0x00000000e0000000, 0x0000000100000000, 0x0000000100000000)
  eden space 410624K, 100% used [0x00000000e0000000,0x00000000f9100000,0x00000000f9100000)
  from space 56832K, 0% used [0x00000000f9100000,0x00000000f9100000,0x00000000fc880000)
  to   space 56832K, 0% used [0x00000000fc880000,0x00000000fc880000,0x0000000100000000)
 ParOldGen       total 216576K, used 187239K [0x00000000a0000000, 0x00000000ad380000, 0x00000000e0000000)
  object space 216576K, 86% used [0x00000000a0000000,0x00000000ab6d9c78,0x00000000ad380000)
 Metaspace       used 81622K, capacity 85382K, committed 85632K, reserved 1124352K
  class space    used 10913K, capacity 11612K, committed 11648K, reserved 1048576K
Event: 930.920 GC heap after
Heap after GC invocations=46 (full 5):
 PSYoungGen      total 467456K, used 0K [0x00000000e0000000, 0x0000000100000000, 0x0000000100000000)
  eden space 410624K, 0% used [0x00000000e0000000,0x00000000e0000000,0x00000000f9100000)
  from space 56832K, 0% used [0x00000000f9100000,0x00000000f9100000,0x00000000fc880000)
  to   space 56832K, 0% used [0x00000000fc880000,0x00000000fc880000,0x0000000100000000)
 ParOldGen       total 216576K, used 75348K [0x00000000a0000000, 0x00000000ad380000, 0x00000000e0000000)
  object space 216576K, 34% used [0x00000000a0000000,0x00000000a4995210,0x00000000ad380000)
 Metaspace       used 81622K, capacity 85382K, committed 85632K, reserved 1124352K
  class space    used 10913K, capacity 11612K, committed 11648K, reserved 1048576K
}

