# JRE version: Java(TM) SE Runtime Environment (8.0_172-b11) (build 1.8.0_172-b11)
# Java VM: Java HotSpot(TM) 64-Bit Server VM (25.172-b11 mixed mode windows-amd64 compressed oops)
Heap:
 PSYoungGen      total 149504K, used 4474K [0x00000000e0000000, 0x00000000ed780000, 0x0000000100000000)
  eden space 136192K, 3% used [0x00000000e0000000,0x00000000e045eb18,0x00000000e8500000)
  from space 13312K, 0% used [0x00000000e9180000,0x00000000e9180000,0x00000000e9e80000)
  to   space 12800K, 0% used [0x00000000e8500000,0x00000000e8500000,0x00000000e9180000)
 ParOldGen       total 169472K, used 15864K [0x00000000a0000000, 0x00000000aa580000, 0x00000000e0000000)
  object space 169472K, 9% used [0x00000000a0000000,0x00000000a0f7e198,0x00000000aa580000)
 Metaspace       used 35364K, capacity 35912K, committed 36224K, reserved 1081344K
  class space    used 5008K, capacity 5196K, committed 5248K, reserved 1048576K
GC Heap History (10 events):
Event: 2.391 GC heap before
{Heap before GC invocations=4 (full 1):
 PSYoungGen      total 76288K, used 9460K [0x00000000e0000000, 0x00000000e9500000, 0x0000000100000000)
  eden space 65536K, 0% used [0x00000000e0000000,0x00000000e0000000,0x00000000e4000000)
  from space 10752K, 87% used [0x00000000e4000000,0x00000000e493d110,0x00000000e4a80000)
  to   space 10752K, 0% used [0x00000000e8a80000,0x00000000e8a80000,0x00000000e9500000)
 ParOldGen       total 175104K, used 303K [0x00000000a0000000, 0x00000000aab00000, 0x00000000e0000000)
  object space 175104K, 0% used [0x00000000a0000000,0x00000000a004bcf0,0x00000000aab00000)
 Metaspace       used 20759K, capacity 21100K, committed 21296K, reserved 1067008K
  class space    used 2966K, capacity 3124K, committed 3200K, reserved 1048576K
Event: 2.442 GC heap after
Heap after GC invocations=4 (full 1):
 PSYoungGen      total 76288K, used 0K [0x00000000e0000000, 0x00000000e9500000, 0x0000000100000000)
  eden space 65536K, 0% used [0x00000000e0000000,0x00000000e0000000,0x00000000e4000000)
  from space 10752K, 0% used [0x00000000e4000000,0x00000000e4000000,0x00000000e4a80000)
  to   space 10752K, 0% used [0x00000000e8a80000,0x00000000e8a80000,0x00000000e9500000)
 ParOldGen       total 111616K, used 9269K [0x00000000a0000000, 0x00000000a6d00000, 0x00000000e0000000)
  object space 111616K, 8% used [0x00000000a0000000,0x00000000a090d7c8,0x00000000a6d00000)
 Metaspace       used 20759K, capacity 21100K, committed 21296K, reserved 1067008K
  class space    used 2966K, capacity 3124K, committed 3200K, reserved 1048576K
}
Event: 3.422 GC heap before
{Heap before GC invocations=5 (full 1):
 PSYoungGen      total 76288K, used 65536K [0x00000000e0000000, 0x00000000e9500000, 0x0000000100000000)
  eden space 65536K, 100% used [0x00000000e0000000,0x00000000e4000000,0x00000000e4000000)
  from space 10752K, 0% used [0x00000000e4000000,0x00000000e4000000,0x00000000e4a80000)
  to   space 10752K, 0% used [0x00000000e8a80000,0x00000000e8a80000,0x00000000e9500000)
 ParOldGen       total 111616K, used 9269K [0x00000000a0000000, 0x00000000a6d00000, 0x00000000e0000000)
  object space 111616K, 8% used [0x00000000a0000000,0x00000000a090d7c8,0x00000000a6d00000)
 Metaspace       used 26951K, capacity 27386K, committed 27520K, reserved 1073152K
  class space    used 3748K, capacity 3911K, committed 3968K, reserved 1048576K
Event: 3.435 GC heap after
Heap after GC invocations=5 (full 1):
 PSYoungGen      total 101888K, used 7178K [0x00000000e0000000, 0x00000000e9200000, 0x0000000100000000)
  eden space 94208K, 0% used [0x00000000e0000000,0x00000000e0000000,0x00000000e5c00000)
  from space 7680K, 93% used [0x00000000e8a80000,0x00000000e9182a58,0x00000000e9200000)
  to   space 10752K, 0% used [0x00000000e7d00000,0x00000000e7d00000,0x00000000e8780000)
 ParOldGen       total 111616K, used 9269K [0x00000000a0000000, 0x00000000a6d00000, 0x00000000e0000000)
  object space 111616K, 8% used [0x00000000a0000000,0x00000000a090d7c8,0x00000000a6d00000)
 Metaspace       used 26951K, capacity 27386K, committed 27520K, reserved 1073152K
  class space    used 3748K, capacity 3911K, committed 3968K, reserved 1048576K
}
Event: 4.813 GC heap before
{Heap before GC invocations=6 (full 1):
 PSYoungGen      total 101888K, used 101386K [0x00000000e0000000, 0x00000000e9200000, 0x0000000100000000)
  eden space 94208K, 100% used [0x00000000e0000000,0x00000000e5c00000,0x00000000e5c00000)
  from space 7680K, 93% used [0x00000000e8a80000,0x00000000e9182a58,0x00000000e9200000)
  to   space 10752K, 0% used [0x00000000e7d00000,0x00000000e7d00000,0x00000000e8780000)
 ParOldGen       total 111616K, used 9269K [0x00000000a0000000, 0x00000000a6d00000, 0x00000000e0000000)
  object space 111616K, 8% used [0x00000000a0000000,0x00000000a090d7c8,0x00000000a6d00000)
 Metaspace       used 31891K, capacity 32374K, committed 32768K, reserved 1077248K
  class space    used 4551K, capacity 4740K, committed 4864K, reserved 1048576K
Event: 4.838 GC heap after
Heap after GC invocations=6 (full 1):
 PSYoungGen      total 138752K, used 10739K [0x00000000e0000000, 0x00000000e9e80000, 0x0000000100000000)
  eden space 128000K, 0% used [0x00000000e0000000,0x00000000e0000000,0x00000000e7d00000)
  from space 10752K, 99% used [0x00000000e7d00000,0x00000000e877ce68,0x00000000e8780000)
  to   space 13312K, 0% used [0x00000000e9180000,0x00000000e9180000,0x00000000e9e80000)
 ParOldGen       total 111616K, used 10553K [0x00000000a0000000, 0x00000000a6d00000, 0x00000000e0000000)
  object space 111616K, 9% used [0x00000000a0000000,0x00000000a0a4e788,0x00000000a6d00000)
 Metaspace       used 31891K, capacity 32374K, committed 32768K, reserved 1077248K
  class space    used 4551K, capacity 4740K, committed 4864K, reserved 1048576K
}
Event: 5.207 GC heap before
{Heap before GC invocations=7 (full 1):
 PSYoungGen      total 138752K, used 24337K [0x00000000e0000000, 0x00000000e9e80000, 0x0000000100000000)
  eden space 128000K, 10% used [0x00000000e0000000,0x00000000e0d476b0,0x00000000e7d00000)
  from space 10752K, 99% used [0x00000000e7d00000,0x00000000e877ce68,0x00000000e8780000)
  to   space 13312K, 0% used [0x00000000e9180000,0x00000000e9180000,0x00000000e9e80000)
 ParOldGen       total 111616K, used 10553K [0x00000000a0000000, 0x00000000a6d00000, 0x00000000e0000000)
  object space 111616K, 9% used [0x00000000a0000000,0x00000000a0a4e788,0x00000000a6d00000)
 Metaspace       used 34754K, capacity 35304K, committed 35456K, reserved 1079296K
  class space    used 4954K, capacity 5164K, committed 5248K, reserved 1048576K
Event: 5.224 GC heap after
Heap after GC invocations=7 (full 1):
 PSYoungGen      total 149504K, used 9172K [0x00000000e0000000, 0x00000000ed780000, 0x0000000100000000)
  eden space 136192K, 0% used [0x00000000e0000000,0x00000000e0000000,0x00000000e8500000)
  from space 13312K, 68% used [0x00000000e9180000,0x00000000e9a753d0,0x00000000e9e80000)
  to   space 12800K, 0% used [0x00000000e8500000,0x00000000e8500000,0x00000000e9180000)
 ParOldGen       total 111616K, used 10561K [0x00000000a0000000, 0x00000000a6d00000, 0x00000000e0000000)
  object space 111616K, 9% used [0x00000000a0000000,0x00000000a0a50788,0x00000000a6d00000)
 Metaspace       used 34754K, capacity 35304K, committed 35456K, reserved 1079296K
  class space    used 4954K, capacity 5164K, committed 5248K, reserved 1048576K
}
Event: 5.224 GC heap before
{Heap before GC invocations=8 (full 2):
 PSYoungGen      total 149504K, used 9172K [0x00000000e0000000, 0x00000000ed780000, 0x0000000100000000)
  eden space 136192K, 0% used [0x00000000e0000000,0x00000000e0000000,0x00000000e8500000)
  from space 13312K, 68% used [0x00000000e9180000,0x00000000e9a753d0,0x00000000e9e80000)
  to   space 12800K, 0% used [0x00000000e8500000,0x00000000e8500000,0x00000000e9180000)
 ParOldGen       total 111616K, used 10561K [0x00000000a0000000, 0x00000000a6d00000, 0x00000000e0000000)
  object space 111616K, 9% used [0x00000000a0000000,0x00000000a0a50788,0x00000000a6d00000)
 Metaspace       used 34754K, capacity 35304K, committed 35456K, reserved 1079296K
  class space    used 4954K, capacity 5164K, committed 5248K, reserved 1048576K
Event: 5.294 GC heap after
Heap after GC invocations=8 (full 2):
 PSYoungGen      total 149504K, used 0K [0x00000000e0000000, 0x00000000ed780000, 0x0000000100000000)
  eden space 136192K, 0% used [0x00000000e0000000,0x00000000e0000000,0x00000000e8500000)
  from space 13312K, 0% used [0x00000000e9180000,0x00000000e9180000,0x00000000e9e80000)
  to   space 12800K, 0% used [0x00000000e8500000,0x00000000e8500000,0x00000000e9180000)
 ParOldGen       total 169472K, used 15864K [0x00000000a0000000, 0x00000000aa580000, 0x00000000e0000000)
  object space 169472K, 9% used [0x00000000a0000000,0x00000000a0f7e198,0x00000000aa580000)
 Metaspace       used 34754K, capacity 35304K, committed 35456K, reserved 1079296K
  class space    used 4954K, capacity 5164K, committed 5248K, reserved 1048576K
}

